TN:
SF:src\components\Loader.tsx
FN:9,(anonymous_0)
FN:14,(anonymous_1)
FNF:2
FNH:2
FNDA:1,(anonymous_0)
FNDA:2,(anonymous_1)
DA:9,2
DA:14,1
DA:15,2
DA:16,0
DA:17,0
DA:18,2
DA:22,1
LF:7
LH:5
BRDA:10,0,0,1
BRDA:11,1,0,1
BRDA:12,2,0,1
BRDA:15,3,0,0
BRDA:15,3,1,0
BRDA:15,3,2,2
BRF:6
BRH:4
end_of_record
TN:
SF:src\components\Tabla.tsx
FN:9,Tabla
FN:27,(anonymous_1)
FN:48,(anonymous_2)
FN:50,(anonymous_3)
FN:60,(anonymous_4)
FN:70,(anonymous_5)
FNF:6
FNH:6
FNDA:4,Tabla
FNDA:13,(anonymous_1)
FNDA:9,(anonymous_2)
FNDA:35,(anonymous_3)
FNDA:1,(anonymous_4)
FNDA:1,(anonymous_5)
DA:22,4
DA:28,13
DA:49,9
DA:51,35
DA:60,1
DA:71,1
DA:72,1
LF:7
LH:7
BRDA:14,0,0,4
BRDA:39,1,0,4
BRDA:39,1,1,1
BRDA:39,1,2,3
BRDA:52,2,0,18
BRDA:52,2,1,17
BRDA:54,3,0,9
BRDA:54,3,1,2
BRDA:54,3,2,7
BRDA:57,4,0,7
BRDA:57,4,1,7
BRDA:67,5,0,7
BRDA:67,5,1,7
BRDA:71,6,0,1
BRDA:71,6,1,0
BRDA:87,7,0,4
BRDA:87,7,1,1
BRF:17
BRH:16
end_of_record
TN:
SF:src\components\Toast.tsx
FN:10,(anonymous_0)
FN:18,(anonymous_1)
FN:19,(anonymous_2)
FN:24,(anonymous_3)
FN:29,(anonymous_4)
FN:55,(anonymous_5)
FNF:6
FNH:5
FNDA:3,(anonymous_0)
FNDA:2,(anonymous_1)
FNDA:0,(anonymous_2)
FNDA:2,(anonymous_3)
FNDA:2,(anonymous_4)
FNDA:1,(anonymous_5)
DA:10,3
DA:16,3
DA:18,3
DA:19,2
DA:20,0
DA:21,0
DA:24,2
DA:27,3
DA:29,2
DA:30,2
DA:31,1
DA:32,0
DA:33,1
DA:37,2
DA:56,1
DA:57,1
LF:16
LH:13
BRDA:12,0,0,3
BRDA:13,1,0,3
BRDA:27,2,0,1
BRDA:27,2,1,2
BRDA:30,3,0,1
BRDA:30,3,1,0
BRDA:30,3,2,1
BRF:7
BRH:6
end_of_record
TN:
SF:src\components\blog.component.tsx
FN:13,MainBlog
FN:50,BlogPosts
FN:54,(anonymous_2)
FN:71,(anonymous_3)
FN:80,(anonymous_4)
FN:81,(anonymous_5)
FN:97,(anonymous_6)
FN:100,(anonymous_7)
FN:115,(anonymous_8)
FN:120,(anonymous_9)
FN:127,(anonymous_10)
FN:151,(anonymous_11)
FN:161,(anonymous_12)
FN:188,(anonymous_13)
FN:205,(anonymous_14)
FN:215,(anonymous_15)
FN:232,CommentBox
FN:235,(anonymous_17)
FN:248,(anonymous_18)
FNF:19
FNH:0
FNDA:0,MainBlog
FNDA:0,BlogPosts
FNDA:0,(anonymous_2)
FNDA:0,(anonymous_3)
FNDA:0,(anonymous_4)
FNDA:0,(anonymous_5)
FNDA:0,(anonymous_6)
FNDA:0,(anonymous_7)
FNDA:0,(anonymous_8)
FNDA:0,(anonymous_9)
FNDA:0,(anonymous_10)
FNDA:0,(anonymous_11)
FNDA:0,(anonymous_12)
FNDA:0,(anonymous_13)
FNDA:0,(anonymous_14)
FNDA:0,(anonymous_15)
FNDA:0,CommentBox
FNDA:0,(anonymous_17)
FNDA:0,(anonymous_18)
DA:14,0
DA:48,0
DA:51,0
DA:54,0
DA:55,0
DA:56,0
DA:57,0
DA:58,0
DA:59,0
DA:62,0
DA:64,0
DA:67,0
DA:68,0
DA:71,0
DA:72,0
DA:73,0
DA:75,0
DA:80,0
DA:81,0
DA:82,0
DA:83,0
DA:84,0
DA:85,0
DA:86,0
DA:87,0
DA:89,0
DA:92,0
DA:96,0
DA:97,0
DA:100,0
DA:101,0
DA:102,0
DA:103,0
DA:104,0
DA:106,0
DA:108,0
DA:115,0
DA:116,0
DA:117,0
DA:120,0
DA:121,0
DA:122,0
DA:123,0
DA:125,0
DA:127,0
DA:128,0
DA:129,0
DA:136,0
DA:140,0
DA:151,0
DA:161,0
DA:189,0
DA:206,0
DA:216,0
DA:233,0
DA:235,0
DA:236,0
DA:237,0
DA:238,0
DA:241,0
DA:248,0
LF:61
LH:0
BRDA:57,0,0,0
BRDA:57,0,1,0
BRDA:59,1,0,0
BRDA:59,1,1,0
BRDA:82,2,0,0
BRDA:82,2,1,0
BRDA:85,3,0,0
BRDA:85,3,1,0
BRDA:87,4,0,0
BRDA:87,4,1,0
BRDA:102,5,0,0
BRDA:102,5,1,0
BRDA:106,6,0,0
BRDA:106,6,1,0
BRDA:106,7,0,0
BRDA:106,7,1,0
BRDA:121,8,0,0
BRDA:121,8,1,0
BRDA:125,9,0,0
BRDA:125,9,1,0
BRDA:174,10,0,0
BRDA:174,10,1,0
BRDA:183,11,0,0
BRDA:183,11,1,0
BRDA:200,12,0,0
BRDA:200,12,1,0
BRDA:213,13,0,0
BRDA:213,13,1,0
BRF:28
BRH:0
end_of_record
TN:
SF:src\components\card.component.tsx
FN:9,CardComponent
FN:27,CardComponent2
FNF:2
FNH:0
FNDA:0,CardComponent
FNDA:0,CardComponent2
DA:10,0
DA:28,0
LF:2
LH:0
BRF:0
BRH:0
end_of_record
TN:
SF:src\components\filtroproductos.component.tsx
FN:8,FiltroProductos
FN:11,(anonymous_1)
FN:40,(anonymous_2)
FN:50,(anonymous_3)
FN:60,(anonymous_4)
FN:70,(anonymous_5)
FN:77,(anonymous_6)
FNF:7
FNH:0
FNDA:0,FiltroProductos
FNDA:0,(anonymous_1)
FNDA:0,(anonymous_2)
FNDA:0,(anonymous_3)
FNDA:0,(anonymous_4)
FNDA:0,(anonymous_5)
FNDA:0,(anonymous_6)
DA:9,0
DA:11,0
DA:12,0
DA:13,0
DA:16,0
DA:40,0
DA:50,0
DA:60,0
DA:70,0
DA:77,0
LF:10
LH:0
BRDA:36,0,0,0
BRDA:36,0,1,0
BRDA:46,1,0,0
BRDA:46,1,1,0
BRDA:56,2,0,0
BRDA:56,2,1,0
BRDA:66,3,0,0
BRDA:66,3,1,0
BRF:8
BRH:0
end_of_record
TN:
SF:src\components\footer.component.tsx
FN:4,FooterComponent
FN:7,(anonymous_1)
FN:37,(anonymous_2)
FN:46,(anonymous_3)
FN:55,(anonymous_4)
FN:64,(anonymous_5)
FNF:6
FNH:0
FNDA:0,FooterComponent
FNDA:0,(anonymous_1)
FNDA:0,(anonymous_2)
FNDA:0,(anonymous_3)
FNDA:0,(anonymous_4)
FNDA:0,(anonymous_5)
DA:5,0
DA:7,0
DA:8,0
DA:10,0
DA:37,0
DA:46,0
DA:55,0
DA:64,0
LF:8
LH:0
BRF:0
BRH:0
end_of_record
TN:
SF:src\components\input.component.tsx
FN:13,TextBox
FN:41,TextField
FN:68,Button
FNF:3
FNH:0
FNDA:0,TextBox
FNDA:0,TextField
FNDA:0,Button
DA:14,0
DA:42,0
DA:69,0
LF:3
LH:0
BRF:0
BRH:0
end_of_record
TN:
SF:src\components\modal.component.tsx
FN:10,ModalComponent
FN:11,(anonymous_1)
FNF:2
FNH:0
FNDA:0,ModalComponent
FNDA:0,(anonymous_1)
DA:11,0
DA:12,0
DA:13,0
DA:16,0
DA:18,0
LF:5
LH:0
BRDA:12,0,0,0
BRDA:12,0,1,0
BRDA:16,1,0,0
BRDA:16,1,1,0
BRF:4
BRH:0
end_of_record
TN:
SF:src\components\modalcart.component.tsx
FN:5,CarritoModal
FN:9,(anonymous_1)
FN:50,(anonymous_2)
FN:63,(anonymous_3)
FN:72,(anonymous_4)
FN:80,(anonymous_5)
FNF:6
FNH:0
FNDA:0,CarritoModal
FNDA:0,(anonymous_1)
FNDA:0,(anonymous_2)
FNDA:0,(anonymous_3)
FNDA:0,(anonymous_4)
FNDA:0,(anonymous_5)
DA:6,0
DA:7,0
DA:9,0
DA:11,0
DA:12,0
DA:13,0
DA:14,0
DA:18,0
DA:21,0
DA:51,0
DA:64,0
DA:73,0
DA:80,0
LF:13
LH:0
BRDA:12,0,0,0
BRDA:12,0,1,0
BRDA:14,1,0,0
BRDA:14,1,1,0
BRDA:45,2,0,0
BRDA:45,2,1,0
BRF:6
BRH:0
end_of_record
TN:
SF:src\components\navbar.component.tsx
FN:10,NavbarComponent
FNF:1
FNH:0
FNDA:0,NavbarComponent
DA:6,0
DA:11,0
DA:14,0
DA:15,0
DA:16,0
DA:17,0
DA:19,0
LF:7
LH:0
BRDA:70,0,0,0
BRDA:70,0,1,0
BRDA:97,1,0,0
BRDA:97,1,1,0
BRF:4
BRH:0
end_of_record
TN:
SF:src\components\productgrid.components.tsx
FN:8,ProductosGrid
FN:11,(anonymous_1)
FN:18,ProductosGrid2
FN:21,(anonymous_3)
FNF:4
FNH:0
FNDA:0,ProductosGrid
FNDA:0,(anonymous_1)
FNDA:0,ProductosGrid2
FNDA:0,(anonymous_3)
DA:9,0
DA:12,0
DA:19,0
DA:22,0
LF:4
LH:0
BRF:0
BRH:0
end_of_record
TN:
SF:src\components\reviewsection.component.tsx
FN:13,ReviewSection
FN:23,(anonymous_1)
FN:31,(anonymous_2)
FN:39,(anonymous_3)
FN:49,(anonymous_4)
FN:68,(anonymous_5)
FN:79,(anonymous_6)
FN:99,(anonymous_7)
FN:112,(anonymous_8)
FNF:9
FNH:0
FNDA:0,ReviewSection
FNDA:0,(anonymous_1)
FNDA:0,(anonymous_2)
FNDA:0,(anonymous_3)
FNDA:0,(anonymous_4)
FNDA:0,(anonymous_5)
FNDA:0,(anonymous_6)
FNDA:0,(anonymous_7)
FNDA:0,(anonymous_8)
DA:14,0
DA:15,0
DA:16,0
DA:17,0
DA:20,0
DA:23,0
DA:24,0
DA:25,0
DA:26,0
DA:31,0
DA:32,0
DA:33,0
DA:34,0
DA:36,0
DA:39,0
DA:40,0
DA:41,0
DA:43,0
DA:49,0
DA:50,0
DA:51,0
DA:52,0
DA:55,0
DA:68,0
DA:79,0
DA:99,0
DA:113,0
LF:27
LH:0
BRDA:25,0,0,0
BRDA:25,0,1,0
BRDA:32,1,0,0
BRDA:32,1,1,0
BRDA:41,2,0,0
BRDA:41,2,1,0
BRDA:41,3,0,0
BRDA:41,3,1,0
BRDA:41,3,2,0
BRDA:111,4,0,0
BRDA:111,4,1,0
BRF:11
BRH:0
end_of_record
TN:
SF:src\context\CartContext.tsx
FN:22,(anonymous_0)
FN:23,(anonymous_1)
FN:24,(anonymous_2)
FN:25,(anonymous_3)
FN:29,CartProvider
FN:30,(anonymous_5)
FN:36,(anonymous_6)
FN:41,(anonymous_7)
FN:42,(anonymous_8)
FN:48,(anonymous_9)
FN:51,(anonymous_10)
FN:52,(anonymous_11)
FN:53,(anonymous_12)
FN:56,(anonymous_13)
FN:66,(anonymous_14)
FN:67,(anonymous_15)
FN:67,(anonymous_16)
FN:70,(anonymous_17)
FN:74,(anonymous_18)
FN:76,(anonymous_19)
FN:77,(anonymous_20)
FN:82,(anonymous_21)
FNF:22
FNH:0
FNDA:0,(anonymous_0)
FNDA:0,(anonymous_1)
FNDA:0,(anonymous_2)
FNDA:0,(anonymous_3)
FNDA:0,CartProvider
FNDA:0,(anonymous_5)
FNDA:0,(anonymous_6)
FNDA:0,(anonymous_7)
FNDA:0,(anonymous_8)
FNDA:0,(anonymous_9)
FNDA:0,(anonymous_10)
FNDA:0,(anonymous_11)
FNDA:0,(anonymous_12)
FNDA:0,(anonymous_13)
FNDA:0,(anonymous_14)
FNDA:0,(anonymous_15)
FNDA:0,(anonymous_16)
FNDA:0,(anonymous_17)
FNDA:0,(anonymous_18)
FNDA:0,(anonymous_19)
FNDA:0,(anonymous_20)
FNDA:0,(anonymous_21)
DA:20,0
DA:30,0
DA:31,0
DA:32,0
DA:36,0
DA:37,0
DA:41,0
DA:42,0
DA:43,0
DA:44,0
DA:47,0
DA:48,0
DA:51,0
DA:52,0
DA:53,0
DA:54,0
DA:56,0
DA:57,0
DA:61,0
DA:66,0
DA:67,0
DA:70,0
DA:71,0
DA:74,0
DA:75,0
DA:76,0
DA:77,0
DA:81,0
DA:82,0
DA:86,0
LF:30
LH:0
BRDA:32,0,0,0
BRDA:32,0,1,0
BRDA:43,1,0,0
BRDA:43,1,1,0
BRDA:43,2,0,0
BRDA:43,2,1,0
BRDA:54,3,0,0
BRDA:54,3,1,0
BRDA:57,4,0,0
BRDA:57,4,1,0
BRDA:75,5,0,0
BRDA:75,5,1,0
BRDA:77,6,0,0
BRDA:77,6,1,0
BRF:14
BRH:0
end_of_record
TN:
SF:src\context\UserContext.tsx
FN:16,(anonymous_0)
FN:17,(anonymous_1)
FN:20,UserProvider
FN:23,(anonymous_3)
FN:28,(anonymous_4)
FN:34,(anonymous_5)
FNF:6
FNH:0
FNDA:0,(anonymous_0)
FNDA:0,(anonymous_1)
FNDA:0,UserProvider
FNDA:0,(anonymous_3)
FNDA:0,(anonymous_4)
FNDA:0,(anonymous_5)
DA:14,0
DA:21,0
DA:23,0
DA:24,0
DA:25,0
DA:28,0
DA:29,0
DA:30,0
DA:31,0
DA:34,0
DA:35,0
DA:36,0
DA:39,0
LF:13
LH:0
BRDA:25,0,0,0
BRDA:25,0,1,0
BRF:2
BRH:0
end_of_record
TN:
SF:src\data\Productos.ts
FN:12,(anonymous_0)
FNF:1
FNH:0
FNDA:0,(anonymous_0)
DA:12,0
DA:13,0
DA:14,0
DA:15,0
DA:16,0
DA:19,0
LF:6
LH:0
BRDA:12,0,0,0
BRDA:12,0,1,0
BRF:2
BRH:0
end_of_record
TN:
SF:src\data\descuentos.ts
FNF:0
FNH:0
DA:8,0
LF:1
LH:0
BRF:0
BRH:0
end_of_record
TN:
SF:src\data\mock.ts
FNF:0
FNH:0
DA:6,4
DA:63,4
DA:87,4
LF:3
LH:3
BRF:0
BRH:0
end_of_record
TN:
SF:src\data\storage.ts
FN:13,getStorageItem
FN:23,setStorageItem
FN:28,getProductos
FN:32,setProductos
FN:37,getUsuarios
FN:41,setUsuarios
FN:46,getVentas
FN:50,setVentas
FN:55,initializeStorageData
FNF:9
FNH:7
FNDA:5,getStorageItem
FNDA:2,setStorageItem
FNDA:3,getProductos
FNDA:2,setProductos
FNDA:1,getUsuarios
FNDA:0,setUsuarios
FNDA:1,getVentas
FNDA:0,setVentas
FNDA:1,initializeStorageData
DA:6,2
DA:14,5
DA:15,5
DA:16,4
DA:17,4
DA:19,1
DA:24,2
DA:29,3
DA:33,2
DA:38,1
DA:42,0
DA:47,1
DA:51,0
DA:56,1
DA:57,1
DA:58,1
LF:16
LH:14
BRDA:15,0,0,4
BRDA:15,0,1,1
BRF:2
BRH:2
end_of_record
